<?xml version="1.0" encoding="UTF-8"?>
<testng-results skipped="0" failed="0" total="1" passed="1">
  <reporter-output>
    <line>
      <![CDATA[suite is executed Tue Feb 04 16:19:02 IST 2020]]>
    </line>
    <line>
      <![CDATA[chrome Launched]]>
    </line>
    <line>
      <![CDATA[http://apac2.compunnel.com/asia/ url is navigated]]>
    </line>
    <line>
      <![CDATA[ForgetPassword script execustion startsTue Feb 04 16:19:16 IST 2020]]>
    </line>
    <line>
      <![CDATA[ForgetPassword script is passed]]>
    </line>
    <line>
      <![CDATA[browser closed]]>
    </line>
  </reporter-output>
  <suite name="Suite" duration-ms="118237" started-at="2020-02-04T10:49:02Z" finished-at="2020-02-04T10:51:00Z">
    <groups>
    </groups>
    <test name="Test" duration-ms="118237" started-at="2020-02-04T10:49:02Z" finished-at="2020-02-04T10:51:00Z">
      <class name="Script.CreateUser">
        <test-method status="PASS" signature="precondition(java.lang.String, java.lang.String)[pri:0, instance:Script.CreateUser@3e6fa38a]" name="precondition" is-config="true" duration-ms="14421" started-at="2020-02-04T16:19:02Z" finished-at="2020-02-04T16:19:16Z">
          <params>
            <param index="0">
              <value>
                <![CDATA[chrome]]>
              </value>
            </param>
            <param index="1">
              <value>
                <![CDATA[http://apac2.compunnel.com/asia/]]>
              </value>
            </param>
          </params>
          <reporter-output>
            <line>
              <![CDATA[chrome Launched]]>
            </line>
            <line>
              <![CDATA[http://apac2.compunnel.com/asia/ url is navigated]]>
            </line>
          </reporter-output>
        </test-method> <!-- precondition -->
        <test-method status="PASS" signature="ForgetPassword()[pri:2, instance:Script.CreateUser@3e6fa38a]" name="ForgetPassword" duration-ms="102565" started-at="2020-02-04T16:19:16Z" finished-at="2020-02-04T16:20:59Z">
          <reporter-output>
            <line>
              <![CDATA[ForgetPassword script is passed]]>
            </line>
          </reporter-output>
        </test-method> <!-- ForgetPassword -->
        <test-method status="PASS" signature="postcondition()[pri:0, instance:Script.CreateUser@3e6fa38a]" name="postcondition" is-config="true" duration-ms="1189" started-at="2020-02-04T16:20:59Z" finished-at="2020-02-04T16:21:00Z">
          <reporter-output>
            <line>
              <![CDATA[browser closed]]>
            </line>
          </reporter-output>
        </test-method> <!-- postcondition -->
      </class> <!-- Script.CreateUser -->
    </test> <!-- Test -->
  </suite> <!-- Suite -->
</testng-results>
