<?xml version="1.0" encoding="UTF-8"?>
<testng-results skipped="0" failed="0" ignored="0" total="1" passed="1">
  <reporter-output>
    <line>
      <![CDATA[suite is executed Wed Nov 06 15:40:22 IST 2019]]>
    </line>
    <line>
      <![CDATA[chrome Launched]]>
    </line>
    <line>
      <![CDATA[https://www.store.elsevierhealth.com/asia/ url is navigated]]>
    </line>
    <line>
      <![CDATA[purchaseProduct script execustion startsWed Nov 06 15:40:34 IST 2019]]>
    </line>
    <line>
      <![CDATA[My Account]]>
    </line>
    <line>
      <![CDATA[purchaseProduct script is passed]]>
    </line>
    <line>
      <![CDATA[browser closed]]>
    </line>
  </reporter-output>
  <suite name="Suite" duration-ms="33406" started-at="2019-11-06T15:40:22 IST" finished-at="2019-11-06T15:40:56 IST">
    <groups>
    </groups>
    <test name="Test" duration-ms="33406" started-at="2019-11-06T15:40:22 IST" finished-at="2019-11-06T15:40:56 IST">
      <class name="Script.ExistingUserProductPurchase">
        <test-method status="PASS" signature="precondition(java.lang.String, java.lang.String)[pri:0, instance:Script.ExistingUserProductPurchase@68bbe345]" name="precondition" is-config="true" duration-ms="11703" started-at="2019-11-06T15:40:23 IST" finished-at="2019-11-06T15:40:34 IST">
          <params>
            <param index="0">
              <value>
                <![CDATA[chrome]]>
              </value>
            </param>
            <param index="1">
              <value>
                <![CDATA[https://www.store.elsevierhealth.com/asia/]]>
              </value>
            </param>
          </params>
          <reporter-output>
            <line>
              <![CDATA[chrome Launched]]>
            </line>
            <line>
              <![CDATA[https://www.store.elsevierhealth.com/asia/ url is navigated]]>
            </line>
          </reporter-output>
        </test-method> <!-- precondition -->
        <test-method status="PASS" signature="purchaseProduct()[pri:0, instance:Script.ExistingUserProductPurchase@68bbe345]" name="purchaseProduct" duration-ms="20535" started-at="2019-11-06T15:40:34 IST" finished-at="2019-11-06T15:40:55 IST">
          <reporter-output>
            <line>
              <![CDATA[purchaseProduct script execustion startsWed Nov 06 15:40:34 IST 2019]]>
            </line>
            <line>
              <![CDATA[My Account]]>
            </line>
            <line>
              <![CDATA[purchaseProduct script is passed]]>
            </line>
          </reporter-output>
        </test-method> <!-- purchaseProduct -->
        <test-method status="PASS" signature="postcondition()[pri:0, instance:Script.ExistingUserProductPurchase@68bbe345]" name="postcondition" is-config="true" duration-ms="1092" started-at="2019-11-06T15:40:55 IST" finished-at="2019-11-06T15:40:56 IST">
          <reporter-output>
            <line>
              <![CDATA[browser closed]]>
            </line>
          </reporter-output>
        </test-method> <!-- postcondition -->
      </class> <!-- Script.ExistingUserProductPurchase -->
    </test> <!-- Test -->
  </suite> <!-- Suite -->
</testng-results>
