<?xml version="1.0" encoding="UTF-8"?>
<!-- Generated by org.testng.reporters.JUnitXMLReporter -->
<testsuite hostname="COMPND-DTP-204" ignored="2" name="Test" tests="1" failures="0" timestamp="2019-11-19T10:58:24 IST" time="138.58" errors="0">
  <testcase name="EBookPurchaseUser" time="59.975" classname="Script.UserProductPurchase"/>
  <testcase name="GuestUserProductPurchase" time="0.0" classname="Script.UserProductPurchase">
    <ignored/>
  </testcase> <!-- GuestUserProductPurchase -->
  <testcase name="validUserProductPurchase" time="0.0" classname="Script.UserProductPurchase">
    <ignored/>
  </testcase> <!-- validUserProductPurchase -->
</testsuite> <!-- Test -->
