<?xml version="1.0" encoding="UTF-8"?>
<!-- Generated by org.testng.reporters.JUnitXMLReporter -->
<testsuite hostname="COMPND-DTP-204" ignored="1" name="Test" tests="1" failures="1" timestamp="2019-11-11T18:11:04 IST" time="19.834" errors="0">
  <testcase name="editbilladress" time="12.37" classname="Script.AddAdress">
    <failure type="java.lang.NullPointerException">
      <![CDATA[java.lang.NullPointerException
at feature.taskfeature.EditBillingAddress(taskfeature.java:150)
at Script.AddAdress.editbilladress(AddAdress.java:15)
at java.util.ArrayList.forEach(Unknown Source)
at java.util.concurrent.FutureTask.run(Unknown Source)
at java.util.concurrent.ThreadPoolExecutor.runWorker(Unknown Source)
at java.util.concurrent.ThreadPoolExecutor$Worker.run(Unknown Source)
at java.lang.Thread.run(Unknown Source)
... Removed 18 stack frames]]>
    </failure>
  </testcase> <!-- editbilladress -->
  <testcase name="addNewaddress" time="0.0" classname="Script.AddAdress">
    <ignored/>
  </testcase> <!-- addNewaddress -->
</testsuite> <!-- Test -->
